Determining if the pthread_create exist failed with the following output:
Change Dir: /home/akhil-manoj/drdo/build/CMakeFiles/CMakeTmp

Run Build Command:"/usr/bin/make" "cmTC_17ee8/fast"
/usr/bin/make -f CMakeFiles/cmTC_17ee8.dir/build.make CMakeFiles/cmTC_17ee8.dir/build
make[1]: Entering directory '/home/akhil-manoj/drdo/build/CMakeFiles/CMakeTmp'
Building C object CMakeFiles/cmTC_17ee8.dir/CheckSymbolExists.c.o
/usr/lib/ccache/cc    -o CMakeFiles/cmTC_17ee8.dir/CheckSymbolExists.c.o   -c /home/akhil-manoj/drdo/build/CMakeFiles/CMakeTmp/CheckSymbolExists.c
Linking C executable cmTC_17ee8
/usr/bin/cmake -E cmake_link_script CMakeFiles/cmTC_17ee8.dir/link.txt --verbose=1
/usr/lib/ccache/cc      -rdynamic CMakeFiles/cmTC_17ee8.dir/CheckSymbolExists.c.o  -o cmTC_17ee8 
CMakeFiles/cmTC_17ee8.dir/CheckSymbolExists.c.o: In function `main':
CheckSymbolExists.c:(.text+0x1b): undefined reference to `pthread_create'
collect2: error: ld returned 1 exit status
CMakeFiles/cmTC_17ee8.dir/build.make:97: recipe for target 'cmTC_17ee8' failed
make[1]: *** [cmTC_17ee8] Error 1
make[1]: Leaving directory '/home/akhil-manoj/drdo/build/CMakeFiles/CMakeTmp'
Makefile:126: recipe for target 'cmTC_17ee8/fast' failed
make: *** [cmTC_17ee8/fast] Error 2

File /home/akhil-manoj/drdo/build/CMakeFiles/CMakeTmp/CheckSymbolExists.c:
/* */
#include <pthread.h>

int main(int argc, char** argv)
{
  (void)argv;
#ifndef pthread_create
  return ((int*)(&pthread_create))[argc];
#else
  (void)argc;
  return 0;
#endif
}

Determining if the function pthread_create exists in the pthreads failed with the following output:
Change Dir: /home/akhil-manoj/drdo/build/CMakeFiles/CMakeTmp

Run Build Command:"/usr/bin/make" "cmTC_c24b4/fast"
/usr/bin/make -f CMakeFiles/cmTC_c24b4.dir/build.make CMakeFiles/cmTC_c24b4.dir/build
make[1]: Entering directory '/home/akhil-manoj/drdo/build/CMakeFiles/CMakeTmp'
Building C object CMakeFiles/cmTC_c24b4.dir/CheckFunctionExists.c.o
/usr/lib/ccache/cc   -DCHECK_FUNCTION_EXISTS=pthread_create   -o CMakeFiles/cmTC_c24b4.dir/CheckFunctionExists.c.o   -c /usr/share/cmake-3.10/Modules/CheckFunctionExists.c
Linking C executable cmTC_c24b4
/usr/bin/cmake -E cmake_link_script CMakeFiles/cmTC_c24b4.dir/link.txt --verbose=1
/usr/lib/ccache/cc  -DCHECK_FUNCTION_EXISTS=pthread_create    -rdynamic CMakeFiles/cmTC_c24b4.dir/CheckFunctionExists.c.o  -o cmTC_c24b4 -lpthreads 
/usr/bin/ld: cannot find -lpthreads
collect2: error: ld returned 1 exit status
CMakeFiles/cmTC_c24b4.dir/build.make:97: recipe for target 'cmTC_c24b4' failed
make[1]: *** [cmTC_c24b4] Error 1
make[1]: Leaving directory '/home/akhil-manoj/drdo/build/CMakeFiles/CMakeTmp'
Makefile:126: recipe for target 'cmTC_c24b4/fast' failed
make: *** [cmTC_c24b4/fast] Error 2


